Performing C SOURCE FILE Test CMAKE_HAVE_LIBC_PTHREAD failed with the following output:
Change Dir: /home/kirill/new_aya/03-lab-05-stack-lapsizm/cmake-build-debug/CMakeFiles/CMakeTmp

Run Build Command(s):/usr/bin/gmake -f Makefile cmTC_01d9b/fast && /usr/bin/gmake  -f CMakeFiles/cmTC_01d9b.dir/build.make CMakeFiles/cmTC_01d9b.dir/build
gmake[1]: вход в каталог «/home/kirill/new_aya/03-lab-05-stack-lapsizm/cmake-build-debug/CMakeFiles/CMakeTmp»
Building C object CMakeFiles/cmTC_01d9b.dir/src.c.o
/usr/bin/cc -DCMAKE_HAVE_LIBC_PTHREAD   -o CMakeFiles/cmTC_01d9b.dir/src.c.o -c /home/kirill/new_aya/03-lab-05-stack-lapsizm/cmake-build-debug/CMakeFiles/CMakeTmp/src.c
Linking C executable cmTC_01d9b
/snap/clion/169/bin/cmake/linux/bin/cmake -E cmake_link_script CMakeFiles/cmTC_01d9b.dir/link.txt --verbose=1
/usr/bin/cc CMakeFiles/cmTC_01d9b.dir/src.c.o -o cmTC_01d9b 
/usr/bin/ld: CMakeFiles/cmTC_01d9b.dir/src.c.o: в функции «main»:
src.c:(.text+0x46): неопределённая ссылка на «pthread_create»
/usr/bin/ld: src.c:(.text+0x52): неопределённая ссылка на «pthread_detach»
/usr/bin/ld: src.c:(.text+0x5e): неопределённая ссылка на «pthread_cancel»
/usr/bin/ld: src.c:(.text+0x6f): неопределённая ссылка на «pthread_join»
collect2: error: ld returned 1 exit status
gmake[1]: *** [CMakeFiles/cmTC_01d9b.dir/build.make:99: cmTC_01d9b] Ошибка 1
gmake[1]: выход из каталога «/home/kirill/new_aya/03-lab-05-stack-lapsizm/cmake-build-debug/CMakeFiles/CMakeTmp»
gmake: *** [Makefile:127: cmTC_01d9b/fast] Ошибка 2


Source file was:
#include <pthread.h>

static void* test_func(void* data)
{
  return data;
}

int main(void)
{
  pthread_t thread;
  pthread_create(&thread, NULL, test_func, NULL);
  pthread_detach(thread);
  pthread_cancel(thread);
  pthread_join(thread, NULL);
  pthread_atfork(NULL, NULL, NULL);
  pthread_exit(NULL);

  return 0;
}

Determining if the function pthread_create exists in the pthreads failed with the following output:
Change Dir: /home/kirill/new_aya/03-lab-05-stack-lapsizm/cmake-build-debug/CMakeFiles/CMakeTmp

Run Build Command(s):/usr/bin/gmake -f Makefile cmTC_f42dd/fast && /usr/bin/gmake  -f CMakeFiles/cmTC_f42dd.dir/build.make CMakeFiles/cmTC_f42dd.dir/build
gmake[1]: вход в каталог «/home/kirill/new_aya/03-lab-05-stack-lapsizm/cmake-build-debug/CMakeFiles/CMakeTmp»
Building C object CMakeFiles/cmTC_f42dd.dir/CheckFunctionExists.c.o
/usr/bin/cc   -DCHECK_FUNCTION_EXISTS=pthread_create -o CMakeFiles/cmTC_f42dd.dir/CheckFunctionExists.c.o -c /snap/clion/169/bin/cmake/linux/share/cmake-3.20/Modules/CheckFunctionExists.c
Linking C executable cmTC_f42dd
/snap/clion/169/bin/cmake/linux/bin/cmake -E cmake_link_script CMakeFiles/cmTC_f42dd.dir/link.txt --verbose=1
/usr/bin/cc  -DCHECK_FUNCTION_EXISTS=pthread_create CMakeFiles/cmTC_f42dd.dir/CheckFunctionExists.c.o -o cmTC_f42dd  -lpthreads 
/usr/bin/ld: невозможно найти -lpthreads
collect2: error: ld returned 1 exit status
gmake[1]: *** [CMakeFiles/cmTC_f42dd.dir/build.make:99: cmTC_f42dd] Ошибка 1
gmake[1]: выход из каталога «/home/kirill/new_aya/03-lab-05-stack-lapsizm/cmake-build-debug/CMakeFiles/CMakeTmp»
gmake: *** [Makefile:127: cmTC_f42dd/fast] Ошибка 2



